n=14, m=80
PAINT_LINE 9 4 9 16
PAINT_LINE 1 4 1 15
PAINT_LINE 9 51 9 61
PAINT_LINE 4 52 4 61
PAINT_LINE 5 10 5 19
PAINT_LINE 9 22 9 31
PAINT_LINE 9 37 9 46
PAINT_LINE 1 64 9 64
PAINT_LINE 1 65 9 65
PAINT_LINE 1 66 9 66
PAINT_SQUARE 5 1 1
PAINT_SQUARE 5 75 1
PAINT_SQUARE 6 60 1
PAINT_SQUARE 7 22 1
PAINT_SQUARE 7 31 1
PAINT_SQUARE 7 46 1
PAINT_SQUARE 7 69 1
PAINT_LINE 9 70 9 78
PAINT_LINE 12 51 12 59
PAINT_LINE 4 24 4 30
PAINT_LINE 4 38 4 44
PAINT_SQUARE 6 17 1
PAINT_SQUARE 10 59 1
PAINT_LINE 0 8 0 12
PAINT_LINE 2 2 2 5
PAINT_LINE 5 22 5 25
PAINT_LINE 5 29 5 32
PAINT_LINE 5 36 5 39
PAINT_LINE 5 43 5 46
PAINT_LINE 5 51 5 54
PAINT_LINE 5 69 5 72
PAINT_LINE 6 35 6 38
PAINT_LINE 8 2 8 5
PAINT_LINE 8 14 8 17
PAINT_LINE 3 1 3 3
PAINT_LINE 4 71 4 76
PAINT_LINE 6 50 6 52
PAINT_LINE 7 1 7 3
PAINT_LINE 7 35 7 37
PAINT_LINE 8 36 8 38
PAINT_LINE 8 50 8 52
PAINT_LINE 8 59 8 61
PAINT_LINE 11 50 11 52
PAINT_LINE 13 54 13 56
PAINT_LINE 2 14 2 15
PAINT_LINE 5 57 5 61
PAINT_LINE 5 77 6 77
PAINT_LINE 5 78 6 78
PAINT_LINE 6 33 7 33
PAINT_LINE 7 50 7 51
PAINT_LINE 7 71 9 71
PAINT_SQUARE 4 3 0
PAINT_SQUARE 6 19 0
PAINT_SQUARE 6 79 0
PAINT_SQUARE 7 72 0
PAINT_SQUARE 7 73 0
PAINT_SQUARE 7 74 0
PAINT_SQUARE 8 24 0
PAINT_SQUARE 8 44 0
PAINT_SQUARE 8 77 0
PAINT_SQUARE 10 61 0
PAINT_SQUARE 11 61 0
Nombre d'opération: 63
